<?xml version="1.0" encoding="UTF-8"?>
<!-- Generated by org.testng.reporters.JUnitReportReporter -->
<testsuite hostname="DESKTOP-ER6SAM4" failures="0" tests="1" name="sample.Demo" time="0.026" errors="0" timestamp="2023-08-05T10:51:24 IST" skipped="0">
  <testcase classname="sample.Demo" name="sample" time="0.026"/>
  <system-out/>
</testsuite> <!-- sample.Demo -->
